================================================================================
Appcelerator Titanium Diagnostics Build Log
The contents of this file are useful to send to Appcelerator Support if
reporting an issue to help us understand your environment, build settings
and aid in debugging. Please attach this log to any issue that you report.
================================================================================

Starting build at 08/15/12 22:48

Build details:

   timestamp=07/27/12 14:01
   module_apiversion=2
   version=2.1.1
   githash=0fd84a2


Script arguments:
   /Users/winsonet/Library/Application Support/Titanium/mobilesdk/osx/2.1.1.GA/iphone/builder.py
   simulator
   5.0
   /Volumes/MacCodes/Code/Mobile/TitaniumProject/GitSource/CBMVC-Framework-with-Titanium
   com.cbmvc.app
   CoderBlog
   universal
   iphone
   

Building from: /Users/winsonet/Library/Application Support/Titanium/mobilesdk/osx/2.1.1.GA/iphone
Platform: Darwin Kernel Version 11.4.0: Mon Apr  9 19:32:15 PDT 2012; root:xnu-1699.26.8~1/RELEASE_X86_64

Xcode path is: /Developer


githash=0fd84a2, existing_git_hash=0fd84a2
writing contents of /Volumes/MacCodes/Code/Mobile/TitaniumProject/GitSource/CBMVC-Framework-with-Titanium/build/iphone/project.xcconfig:

TI_VERSION=2.1.1.GA
TI_SDK_DIR=/Users/winsonet/Library/Application Support/Titanium/mobilesdk/osx/$(TI_VERSION)/iphone
TI_APPID=com.cbmvc.app
OTHER_LDFLAGS[sdk=iphoneos*]=$(inherited) -weak_framework iAd
OTHER_LDFLAGS[sdk=iphonesimulator*]=$(inherited) -weak_framework iAd
#include "module"

old contents


Generated the following stylecode code:

<?xml version="1.0" encoding="UTF-8"?>
<!DOCTYPE plist PUBLIC "-//Apple//DTD PLIST 1.0//EN" "http://www.apple.com/DTDs/PropertyList-1.0.dtd">
<plist version="1.0">
	<dict>
		<key>classes</key>
		<dict>
</dict>

		<key>classes_density</key>
		<dict>
</dict>

		<key>ids</key>
		<dict>
</dict>

		<key>ids_density</key>
		<dict>
</dict>

		<key>tags</key>
		<dict>
</dict>

		<key>tags_density</key>
		<dict>
</dict>

	</dict>
</plist>
Finishing build
