Logfile initialized
[INFO] logfile = /Volumes/MacCodes/Code/Mobile/TitaniumProject/GitSource/CBMVC-Framework-with-Titanium/build.log
[DEBUG] /Users/winsonet/Library/Application Support/Titanium/mobilesdk/osx/2.1.1.GA/android/builder.py simulator CoderBlog /Volumes/MacCodes/Code/Mobile/Android/android-sdk-macosx /Volumes/MacCodes/Code/Mobile/TitaniumProject/GitSource/CBMVC-Framework-with-Titanium com.cbmvc.app 9 HVGA 
[INFO] Building CoderBlog for Android ... one moment
[INFO] Titanium SDK version: 2.1.1 (07/27/12 14:01 0fd84a2)
[DEBUG] Waiting for device to be ready ...
[TRACE] adb devices returned 1 devices/emulators
[TRACE] adb devices returned 1 devices/emulators
[TRACE] adb devices returned 1 devices/emulators
[TRACE] adb devices returned 1 devices/emulators
[DEBUG] Device connected... (waited 15 seconds)
[DEBUG] waited 15.116445 seconds on emulator to get ready
[INFO] Waiting for the Android Emulator to become available
[DEBUG] com.cbmvc.app installed? True
[INFO] Fastdev server running, deploying in Fastdev mode
[INFO] Copying CommonJS modules...
[INFO] Copying project resources..
[INFO] Detected change in tiapp.xml, or assets deleted. Forcing full re-build...
[TRACE] COPYING CREATED FILE: /Volumes/MacCodes/Code/Mobile/TitaniumProject/GitSource/CBMVC-Framework-with-Titanium/Resources/android/appicon.png => /Volumes/MacCodes/Code/Mobile/TitaniumProject/GitSource/CBMVC-Framework-with-Titanium/build/android/bin/assets/Resources/appicon.png
[TRACE] COPYING CREATED FILE: /Volumes/MacCodes/Code/Mobile/TitaniumProject/GitSource/CBMVC-Framework-with-Titanium/Resources/android/default.png => /Volumes/MacCodes/Code/Mobile/TitaniumProject/GitSource/CBMVC-Framework-with-Titanium/build/android/bin/assets/Resources/default.png
[TRACE] COPYING CREATED FILE: /Volumes/MacCodes/Code/Mobile/TitaniumProject/GitSource/CBMVC-Framework-with-Titanium/Resources/app/base/api.js => /Volumes/MacCodes/Code/Mobile/TitaniumProject/GitSource/CBMVC-Framework-with-Titanium/build/android/bin/assets/Resources/app/base/api.js
[TRACE] COPYING CREATED FILE: /Volumes/MacCodes/Code/Mobile/TitaniumProject/GitSource/CBMVC-Framework-with-Titanium/Resources/app/base/common.js => /Volumes/MacCodes/Code/Mobile/TitaniumProject/GitSource/CBMVC-Framework-with-Titanium/build/android/bin/assets/Resources/app/base/common.js
[TRACE] COPYING CREATED FILE: /Volumes/MacCodes/Code/Mobile/TitaniumProject/GitSource/CBMVC-Framework-with-Titanium/Resources/app/base/core.js => /Volumes/MacCodes/Code/Mobile/TitaniumProject/GitSource/CBMVC-Framework-with-Titanium/build/android/bin/assets/Resources/app/base/core.js
[TRACE] COPYING CREATED FILE: /Volumes/MacCodes/Code/Mobile/TitaniumProject/GitSource/CBMVC-Framework-with-Titanium/Resources/app/base/db.js => /Volumes/MacCodes/Code/Mobile/TitaniumProject/GitSource/CBMVC-Framework-with-Titanium/build/android/bin/assets/Resources/app/base/db.js
[TRACE] COPYING CREATED FILE: /Volumes/MacCodes/Code/Mobile/TitaniumProject/GitSource/CBMVC-Framework-with-Titanium/Resources/app/base/lib.js => /Volumes/MacCodes/Code/Mobile/TitaniumProject/GitSource/CBMVC-Framework-with-Titanium/build/android/bin/assets/Resources/app/base/lib.js
[TRACE] COPYING CREATED FILE: /Volumes/MacCodes/Code/Mobile/TitaniumProject/GitSource/CBMVC-Framework-with-Titanium/Resources/app/base/mixin.js => /Volumes/MacCodes/Code/Mobile/TitaniumProject/GitSource/CBMVC-Framework-with-Titanium/build/android/bin/assets/Resources/app/base/mixin.js
[TRACE] COPYING CREATED FILE: /Volumes/MacCodes/Code/Mobile/TitaniumProject/GitSource/CBMVC-Framework-with-Titanium/Resources/app/base/platform.js => /Volumes/MacCodes/Code/Mobile/TitaniumProject/GitSource/CBMVC-Framework-with-Titanium/build/android/bin/assets/Resources/app/base/platform.js
[TRACE] COPYING CREATED FILE: /Volumes/MacCodes/Code/Mobile/TitaniumProject/GitSource/CBMVC-Framework-with-Titanium/Resources/app/controllers/home.js => /Volumes/MacCodes/Code/Mobile/TitaniumProject/GitSource/CBMVC-Framework-with-Titanium/build/android/bin/assets/Resources/app/controllers/home.js
[TRACE] COPYING CREATED FILE: /Volumes/MacCodes/Code/Mobile/TitaniumProject/GitSource/CBMVC-Framework-with-Titanium/Resources/app/controllers/mainFrame.js => /Volumes/MacCodes/Code/Mobile/TitaniumProject/GitSource/CBMVC-Framework-with-Titanium/build/android/bin/assets/Resources/app/controllers/mainFrame.js
[TRACE] COPYING CREATED FILE: /Volumes/MacCodes/Code/Mobile/TitaniumProject/GitSource/CBMVC-Framework-with-Titanium/Resources/app/controllers/setting.js => /Volumes/MacCodes/Code/Mobile/TitaniumProject/GitSource/CBMVC-Framework-with-Titanium/build/android/bin/assets/Resources/app/controllers/setting.js
[TRACE] COPYING CREATED FILE: /Volumes/MacCodes/Code/Mobile/TitaniumProject/GitSource/CBMVC-Framework-with-Titanium/Resources/app/languages/cn.js => /Volumes/MacCodes/Code/Mobile/TitaniumProject/GitSource/CBMVC-Framework-with-Titanium/build/android/bin/assets/Resources/app/languages/cn.js
[TRACE] COPYING CREATED FILE: /Volumes/MacCodes/Code/Mobile/TitaniumProject/GitSource/CBMVC-Framework-with-Titanium/Resources/app/languages/en.js => /Volumes/MacCodes/Code/Mobile/TitaniumProject/GitSource/CBMVC-Framework-with-Titanium/build/android/bin/assets/Resources/app/languages/en.js
[TRACE] COPYING CREATED FILE: /Volumes/MacCodes/Code/Mobile/TitaniumProject/GitSource/CBMVC-Framework-with-Titanium/Resources/app/modules/ajax.js => /Volumes/MacCodes/Code/Mobile/TitaniumProject/GitSource/CBMVC-Framework-with-Titanium/build/android/bin/assets/Resources/app/modules/ajax.js
[TRACE] COPYING CREATED FILE: /Volumes/MacCodes/Code/Mobile/TitaniumProject/GitSource/CBMVC-Framework-with-Titanium/Resources/app/modules/dateFormat.js => /Volumes/MacCodes/Code/Mobile/TitaniumProject/GitSource/CBMVC-Framework-with-Titanium/build/android/bin/assets/Resources/app/modules/dateFormat.js
[TRACE] COPYING CREATED FILE: /Volumes/MacCodes/Code/Mobile/TitaniumProject/GitSource/CBMVC-Framework-with-Titanium/Resources/app/modules/debug.js => /Volumes/MacCodes/Code/Mobile/TitaniumProject/GitSource/CBMVC-Framework-with-Titanium/build/android/bin/assets/Resources/app/modules/debug.js
[TRACE] COPYING CREATED FILE: /Volumes/MacCodes/Code/Mobile/TitaniumProject/GitSource/CBMVC-Framework-with-Titanium/Resources/app/modules/util.js => /Volumes/MacCodes/Code/Mobile/TitaniumProject/GitSource/CBMVC-Framework-with-Titanium/build/android/bin/assets/Resources/app/modules/util.js
[TRACE] COPYING CREATED FILE: /Volumes/MacCodes/Code/Mobile/TitaniumProject/GitSource/CBMVC-Framework-with-Titanium/Resources/app/plugins/joli.js => /Volumes/MacCodes/Code/Mobile/TitaniumProject/GitSource/CBMVC-Framework-with-Titanium/build/android/bin/assets/Resources/app/plugins/joli.js
[TRACE] COPYING CREATED FILE: /Volumes/MacCodes/Code/Mobile/TitaniumProject/GitSource/CBMVC-Framework-with-Titanium/Resources/app/plugins/underscore.js => /Volumes/MacCodes/Code/Mobile/TitaniumProject/GitSource/CBMVC-Framework-with-Titanium/build/android/bin/assets/Resources/app/plugins/underscore.js
[TRACE] COPYING CREATED FILE: /Volumes/MacCodes/Code/Mobile/TitaniumProject/GitSource/CBMVC-Framework-with-Titanium/Resources/app/styles/ipad.styles.js => /Volumes/MacCodes/Code/Mobile/TitaniumProject/GitSource/CBMVC-Framework-with-Titanium/build/android/bin/assets/Resources/app/styles/ipad.styles.js
[TRACE] COPYING CREATED FILE: /Volumes/MacCodes/Code/Mobile/TitaniumProject/GitSource/CBMVC-Framework-with-Titanium/Resources/app/styles/styles.js => /Volumes/MacCodes/Code/Mobile/TitaniumProject/GitSource/CBMVC-Framework-with-Titanium/build/android/bin/assets/Resources/app/styles/styles.js
[TRACE] COPYING CREATED FILE: /Volumes/MacCodes/Code/Mobile/TitaniumProject/GitSource/CBMVC-Framework-with-Titanium/Resources/app/views/home.js => /Volumes/MacCodes/Code/Mobile/TitaniumProject/GitSource/CBMVC-Framework-with-Titanium/build/android/bin/assets/Resources/app/views/home.js
[TRACE] COPYING CREATED FILE: /Volumes/MacCodes/Code/Mobile/TitaniumProject/GitSource/CBMVC-Framework-with-Titanium/Resources/app/views/mainFrame.js => /Volumes/MacCodes/Code/Mobile/TitaniumProject/GitSource/CBMVC-Framework-with-Titanium/build/android/bin/assets/Resources/app/views/mainFrame.js
[TRACE] COPYING CREATED FILE: /Volumes/MacCodes/Code/Mobile/TitaniumProject/GitSource/CBMVC-Framework-with-Titanium/Resources/app/views/setting.js => /Volumes/MacCodes/Code/Mobile/TitaniumProject/GitSource/CBMVC-Framework-with-Titanium/build/android/bin/assets/Resources/app/views/setting.js
[TRACE] COPYING CREATED FILE: /Volumes/MacCodes/Code/Mobile/TitaniumProject/GitSource/CBMVC-Framework-with-Titanium/Resources/app.js => /Volumes/MacCodes/Code/Mobile/TitaniumProject/GitSource/CBMVC-Framework-with-Titanium/build/android/bin/assets/Resources/app.js
[TRACE] COPYING CREATED FILE: /Volumes/MacCodes/Code/Mobile/TitaniumProject/GitSource/CBMVC-Framework-with-Titanium/Resources/images/arrow-btn.png => /Volumes/MacCodes/Code/Mobile/TitaniumProject/GitSource/CBMVC-Framework-with-Titanium/build/android/bin/assets/Resources/images/arrow-btn.png
[TRACE] COPYING CREATED FILE: /Volumes/MacCodes/Code/Mobile/TitaniumProject/GitSource/CBMVC-Framework-with-Titanium/Resources/images/bar-top.png => /Volumes/MacCodes/Code/Mobile/TitaniumProject/GitSource/CBMVC-Framework-with-Titanium/build/android/bin/assets/Resources/images/bar-top.png
[TRACE] COPYING CREATED FILE: /Volumes/MacCodes/Code/Mobile/TitaniumProject/GitSource/CBMVC-Framework-with-Titanium/Resources/images/bg-category-title.png => /Volumes/MacCodes/Code/Mobile/TitaniumProject/GitSource/CBMVC-Framework-with-Titanium/build/android/bin/assets/Resources/images/bg-category-title.png
[TRACE] COPYING CREATED FILE: /Volumes/MacCodes/Code/Mobile/TitaniumProject/GitSource/CBMVC-Framework-with-Titanium/Resources/images/bg.jpg => /Volumes/MacCodes/Code/Mobile/TitaniumProject/GitSource/CBMVC-Framework-with-Titanium/build/android/bin/assets/Resources/images/bg.jpg
[TRACE] COPYING CREATED FILE: /Volumes/MacCodes/Code/Mobile/TitaniumProject/GitSource/CBMVC-Framework-with-Titanium/Resources/images/btn-close.png => /Volumes/MacCodes/Code/Mobile/TitaniumProject/GitSource/CBMVC-Framework-with-Titanium/build/android/bin/assets/Resources/images/btn-close.png
[TRACE] COPYING CREATED FILE: /Volumes/MacCodes/Code/Mobile/TitaniumProject/GitSource/CBMVC-Framework-with-Titanium/Resources/images/cancel.png => /Volumes/MacCodes/Code/Mobile/TitaniumProject/GitSource/CBMVC-Framework-with-Titanium/build/android/bin/assets/Resources/images/cancel.png
[TRACE] COPYING CREATED FILE: /Volumes/MacCodes/Code/Mobile/TitaniumProject/GitSource/CBMVC-Framework-with-Titanium/Resources/images/icon-home.png => /Volumes/MacCodes/Code/Mobile/TitaniumProject/GitSource/CBMVC-Framework-with-Titanium/build/android/bin/assets/Resources/images/icon-home.png
[TRACE] COPYING CREATED FILE: /Volumes/MacCodes/Code/Mobile/TitaniumProject/GitSource/CBMVC-Framework-with-Titanium/Resources/images/icon-setting.png => /Volumes/MacCodes/Code/Mobile/TitaniumProject/GitSource/CBMVC-Framework-with-Titanium/build/android/bin/assets/Resources/images/icon-setting.png
[TRACE] COPYING CREATED FILE: /Volumes/MacCodes/Code/Mobile/TitaniumProject/GitSource/CBMVC-Framework-with-Titanium/Resources/images/menu-bar.png => /Volumes/MacCodes/Code/Mobile/TitaniumProject/GitSource/CBMVC-Framework-with-Titanium/build/android/bin/assets/Resources/images/menu-bar.png
[TRACE] COPYING CREATED FILE: /Volumes/MacCodes/Code/Mobile/TitaniumProject/GitSource/CBMVC-Framework-with-Titanium/Resources/images/menu-btn-left.png => /Volumes/MacCodes/Code/Mobile/TitaniumProject/GitSource/CBMVC-Framework-with-Titanium/build/android/bin/assets/Resources/images/menu-btn-left.png
[TRACE] COPYING CREATED FILE: /Volumes/MacCodes/Code/Mobile/TitaniumProject/GitSource/CBMVC-Framework-with-Titanium/Resources/images/menu-btn-right.png => /Volumes/MacCodes/Code/Mobile/TitaniumProject/GitSource/CBMVC-Framework-with-Titanium/build/android/bin/assets/Resources/images/menu-btn-right.png
[TRACE] COPYING CREATED FILE: /Volumes/MacCodes/Code/Mobile/TitaniumProject/GitSource/CBMVC-Framework-with-Titanium/Resources/images/menu-btn.psd => /Volumes/MacCodes/Code/Mobile/TitaniumProject/GitSource/CBMVC-Framework-with-Titanium/build/android/bin/assets/Resources/images/menu-btn.psd
[TRACE] COPYING CREATED FILE: /Volumes/MacCodes/Code/Mobile/TitaniumProject/GitSource/CBMVC-Framework-with-Titanium/Resources/images/menu-selected.png => /Volumes/MacCodes/Code/Mobile/TitaniumProject/GitSource/CBMVC-Framework-with-Titanium/build/android/bin/assets/Resources/images/menu-selected.png
[TRACE] COPYING CREATED FILE: /Volumes/MacCodes/Code/Mobile/TitaniumProject/GitSource/CBMVC-Framework-with-Titanium/Resources/images/search.png => /Volumes/MacCodes/Code/Mobile/TitaniumProject/GitSource/CBMVC-Framework-with-Titanium/build/android/bin/assets/Resources/images/search.png
[TRACE] COPYING CREATED FILE: /Volumes/MacCodes/Code/Mobile/TitaniumProject/GitSource/CBMVC-Framework-with-Titanium/Resources/images/search_bg.png => /Volumes/MacCodes/Code/Mobile/TitaniumProject/GitSource/CBMVC-Framework-with-Titanium/build/android/bin/assets/Resources/images/search_bg.png
[TRACE] COPYING CREATED FILE: /Volumes/MacCodes/Code/Mobile/TitaniumProject/GitSource/CBMVC-Framework-with-Titanium/Resources/images/search_view.png => /Volumes/MacCodes/Code/Mobile/TitaniumProject/GitSource/CBMVC-Framework-with-Titanium/build/android/bin/assets/Resources/images/search_view.png
[TRACE] COPYING CREATED FILE: /Volumes/MacCodes/Code/Mobile/TitaniumProject/GitSource/CBMVC-Framework-with-Titanium/Resources/images/topbar.png => /Volumes/MacCodes/Code/Mobile/TitaniumProject/GitSource/CBMVC-Framework-with-Titanium/build/android/bin/assets/Resources/images/topbar.png
[TRACE] COPYING CREATED FILE: /Volumes/MacCodes/Code/Mobile/TitaniumProject/GitSource/CBMVC-Framework-with-Titanium/Resources/KS_nav_ui.png => /Volumes/MacCodes/Code/Mobile/TitaniumProject/GitSource/CBMVC-Framework-with-Titanium/build/android/bin/assets/Resources/KS_nav_ui.png
[TRACE] COPYING CREATED FILE: /Volumes/MacCodes/Code/Mobile/TitaniumProject/GitSource/CBMVC-Framework-with-Titanium/Resources/KS_nav_views.png => /Volumes/MacCodes/Code/Mobile/TitaniumProject/GitSource/CBMVC-Framework-with-Titanium/build/android/bin/assets/Resources/KS_nav_views.png
[TRACE] Generating Java Classes
[DEBUG] Processing Android resource drawables
[TRACE] COPYING FILE: /Volumes/MacCodes/Code/Mobile/TitaniumProject/GitSource/CBMVC-Framework-with-Titanium/Resources/android/images/res-long-land-hdpi/default.png => /Volumes/MacCodes/Code/Mobile/TitaniumProject/GitSource/CBMVC-Framework-with-Titanium/build/android/res/drawable-long-land-hdpi/default_d44e27d97b.png
[TRACE] COPYING FILE: /Volumes/MacCodes/Code/Mobile/TitaniumProject/GitSource/CBMVC-Framework-with-Titanium/Resources/android/images/res-long-land-ldpi/default.png => /Volumes/MacCodes/Code/Mobile/TitaniumProject/GitSource/CBMVC-Framework-with-Titanium/build/android/res/drawable-long-land-ldpi/default_d44e27d97b.png
[TRACE] COPYING FILE: /Volumes/MacCodes/Code/Mobile/TitaniumProject/GitSource/CBMVC-Framework-with-Titanium/Resources/android/images/res-long-port-hdpi/default.png => /Volumes/MacCodes/Code/Mobile/TitaniumProject/GitSource/CBMVC-Framework-with-Titanium/build/android/res/drawable-long-port-hdpi/default_d44e27d97b.png
[TRACE] COPYING FILE: /Volumes/MacCodes/Code/Mobile/TitaniumProject/GitSource/CBMVC-Framework-with-Titanium/Resources/android/images/res-long-port-ldpi/default.png => /Volumes/MacCodes/Code/Mobile/TitaniumProject/GitSource/CBMVC-Framework-with-Titanium/build/android/res/drawable-long-port-ldpi/default_d44e27d97b.png
[TRACE] COPYING FILE: /Volumes/MacCodes/Code/Mobile/TitaniumProject/GitSource/CBMVC-Framework-with-Titanium/Resources/android/images/res-notlong-land-hdpi/default.png => /Volumes/MacCodes/Code/Mobile/TitaniumProject/GitSource/CBMVC-Framework-with-Titanium/build/android/res/drawable-notlong-land-hdpi/default_d44e27d97b.png
[TRACE] COPYING FILE: /Volumes/MacCodes/Code/Mobile/TitaniumProject/GitSource/CBMVC-Framework-with-Titanium/Resources/android/images/res-notlong-land-ldpi/default.png => /Volumes/MacCodes/Code/Mobile/TitaniumProject/GitSource/CBMVC-Framework-with-Titanium/build/android/res/drawable-notlong-land-ldpi/default_d44e27d97b.png
[TRACE] COPYING FILE: /Volumes/MacCodes/Code/Mobile/TitaniumProject/GitSource/CBMVC-Framework-with-Titanium/Resources/android/images/res-notlong-land-mdpi/default.png => /Volumes/MacCodes/Code/Mobile/TitaniumProject/GitSource/CBMVC-Framework-with-Titanium/build/android/res/drawable-notlong-land-mdpi/default_d44e27d97b.png
[TRACE] COPYING FILE: /Volumes/MacCodes/Code/Mobile/TitaniumProject/GitSource/CBMVC-Framework-with-Titanium/Resources/android/images/res-notlong-port-hdpi/default.png => /Volumes/MacCodes/Code/Mobile/TitaniumProject/GitSource/CBMVC-Framework-with-Titanium/build/android/res/drawable-notlong-port-hdpi/default_d44e27d97b.png
[TRACE] COPYING FILE: /Volumes/MacCodes/Code/Mobile/TitaniumProject/GitSource/CBMVC-Framework-with-Titanium/Resources/android/images/res-notlong-port-ldpi/default.png => /Volumes/MacCodes/Code/Mobile/TitaniumProject/GitSource/CBMVC-Framework-with-Titanium/build/android/res/drawable-notlong-port-ldpi/default_d44e27d97b.png
[TRACE] COPYING FILE: /Volumes/MacCodes/Code/Mobile/TitaniumProject/GitSource/CBMVC-Framework-with-Titanium/Resources/android/images/res-notlong-port-mdpi/default.png => /Volumes/MacCodes/Code/Mobile/TitaniumProject/GitSource/CBMVC-Framework-with-Titanium/build/android/res/drawable-notlong-port-mdpi/default_d44e27d97b.png
[DEBUG] app stylesheet => /Volumes/MacCodes/Code/Mobile/TitaniumProject/GitSource/CBMVC-Framework-with-Titanium/build/android/gen/com/cbmvc/app/ApplicationStylesheet.java
[DEBUG] copying app icon: /Volumes/MacCodes/Code/Mobile/TitaniumProject/GitSource/CBMVC-Framework-with-Titanium/build/android/bin/assets/Resources/appicon.png
[DEBUG] generating theme.xml
[DEBUG] found drawable-long-land-hdpi splash screen at /Volumes/MacCodes/Code/Mobile/TitaniumProject/GitSource/CBMVC-Framework-with-Titanium/Resources/android/images/res-long-land-hdpi/default.png
[DEBUG] copying /Volumes/MacCodes/Code/Mobile/TitaniumProject/GitSource/CBMVC-Framework-with-Titanium/Resources/android/images/res-long-land-hdpi/default.png splash screen to /Volumes/MacCodes/Code/Mobile/TitaniumProject/GitSource/CBMVC-Framework-with-Titanium/build/android/res/drawable-long-land-hdpi/background.png
[DEBUG] found drawable-long-land-ldpi splash screen at /Volumes/MacCodes/Code/Mobile/TitaniumProject/GitSource/CBMVC-Framework-with-Titanium/Resources/android/images/res-long-land-ldpi/default.png
[DEBUG] copying /Volumes/MacCodes/Code/Mobile/TitaniumProject/GitSource/CBMVC-Framework-with-Titanium/Resources/android/images/res-long-land-ldpi/default.png splash screen to /Volumes/MacCodes/Code/Mobile/TitaniumProject/GitSource/CBMVC-Framework-with-Titanium/build/android/res/drawable-long-land-ldpi/background.png
[DEBUG] found drawable-long-port-hdpi splash screen at /Volumes/MacCodes/Code/Mobile/TitaniumProject/GitSource/CBMVC-Framework-with-Titanium/Resources/android/images/res-long-port-hdpi/default.png
[DEBUG] copying /Volumes/MacCodes/Code/Mobile/TitaniumProject/GitSource/CBMVC-Framework-with-Titanium/Resources/android/images/res-long-port-hdpi/default.png splash screen to /Volumes/MacCodes/Code/Mobile/TitaniumProject/GitSource/CBMVC-Framework-with-Titanium/build/android/res/drawable-long-port-hdpi/background.png
[DEBUG] found drawable-long-port-ldpi splash screen at /Volumes/MacCodes/Code/Mobile/TitaniumProject/GitSource/CBMVC-Framework-with-Titanium/Resources/android/images/res-long-port-ldpi/default.png
[DEBUG] copying /Volumes/MacCodes/Code/Mobile/TitaniumProject/GitSource/CBMVC-Framework-with-Titanium/Resources/android/images/res-long-port-ldpi/default.png splash screen to /Volumes/MacCodes/Code/Mobile/TitaniumProject/GitSource/CBMVC-Framework-with-Titanium/build/android/res/drawable-long-port-ldpi/background.png
[DEBUG] found drawable-notlong-land-hdpi splash screen at /Volumes/MacCodes/Code/Mobile/TitaniumProject/GitSource/CBMVC-Framework-with-Titanium/Resources/android/images/res-notlong-land-hdpi/default.png
[DEBUG] copying /Volumes/MacCodes/Code/Mobile/TitaniumProject/GitSource/CBMVC-Framework-with-Titanium/Resources/android/images/res-notlong-land-hdpi/default.png splash screen to /Volumes/MacCodes/Code/Mobile/TitaniumProject/GitSource/CBMVC-Framework-with-Titanium/build/android/res/drawable-notlong-land-hdpi/background.png
[DEBUG] found drawable-notlong-land-ldpi splash screen at /Volumes/MacCodes/Code/Mobile/TitaniumProject/GitSource/CBMVC-Framework-with-Titanium/Resources/android/images/res-notlong-land-ldpi/default.png
[DEBUG] copying /Volumes/MacCodes/Code/Mobile/TitaniumProject/GitSource/CBMVC-Framework-with-Titanium/Resources/android/images/res-notlong-land-ldpi/default.png splash screen to /Volumes/MacCodes/Code/Mobile/TitaniumProject/GitSource/CBMVC-Framework-with-Titanium/build/android/res/drawable-notlong-land-ldpi/background.png
[DEBUG] found drawable-notlong-land-mdpi splash screen at /Volumes/MacCodes/Code/Mobile/TitaniumProject/GitSource/CBMVC-Framework-with-Titanium/Resources/android/images/res-notlong-land-mdpi/default.png
[DEBUG] copying /Volumes/MacCodes/Code/Mobile/TitaniumProject/GitSource/CBMVC-Framework-with-Titanium/Resources/android/images/res-notlong-land-mdpi/default.png splash screen to /Volumes/MacCodes/Code/Mobile/TitaniumProject/GitSource/CBMVC-Framework-with-Titanium/build/android/res/drawable-notlong-land-mdpi/background.png
[DEBUG] found drawable-notlong-port-hdpi splash screen at /Volumes/MacCodes/Code/Mobile/TitaniumProject/GitSource/CBMVC-Framework-with-Titanium/Resources/android/images/res-notlong-port-hdpi/default.png
[DEBUG] copying /Volumes/MacCodes/Code/Mobile/TitaniumProject/GitSource/CBMVC-Framework-with-Titanium/Resources/android/images/res-notlong-port-hdpi/default.png splash screen to /Volumes/MacCodes/Code/Mobile/TitaniumProject/GitSource/CBMVC-Framework-with-Titanium/build/android/res/drawable-notlong-port-hdpi/background.png
[DEBUG] found drawable-notlong-port-ldpi splash screen at /Volumes/MacCodes/Code/Mobile/TitaniumProject/GitSource/CBMVC-Framework-with-Titanium/Resources/android/images/res-notlong-port-ldpi/default.png
[DEBUG] copying /Volumes/MacCodes/Code/Mobile/TitaniumProject/GitSource/CBMVC-Framework-with-Titanium/Resources/android/images/res-notlong-port-ldpi/default.png splash screen to /Volumes/MacCodes/Code/Mobile/TitaniumProject/GitSource/CBMVC-Framework-with-Titanium/build/android/res/drawable-notlong-port-ldpi/background.png
[DEBUG] found drawable-notlong-port-mdpi splash screen at /Volumes/MacCodes/Code/Mobile/TitaniumProject/GitSource/CBMVC-Framework-with-Titanium/Resources/android/images/res-notlong-port-mdpi/default.png
[DEBUG] copying /Volumes/MacCodes/Code/Mobile/TitaniumProject/GitSource/CBMVC-Framework-with-Titanium/Resources/android/images/res-notlong-port-mdpi/default.png splash screen to /Volumes/MacCodes/Code/Mobile/TitaniumProject/GitSource/CBMVC-Framework-with-Titanium/build/android/res/drawable-notlong-port-mdpi/background.png
[DEBUG] found splash screen at /Volumes/MacCodes/Code/Mobile/TitaniumProject/GitSource/CBMVC-Framework-with-Titanium/build/android/bin/assets/Resources/default.png
[TRACE] Writing out AndroidManifest.xml
[DEBUG] adding /Volumes/MacCodes/Code/Mobile/TitaniumProject/GitSource/CBMVC-Framework-with-Titanium/build/android/gen/com/cbmvc/app/ApplicationStylesheet.java to javac build list
[DEBUG] adding /Volumes/MacCodes/Code/Mobile/TitaniumProject/GitSource/CBMVC-Framework-with-Titanium/build/android/gen/com/cbmvc/app/CoderblogActivity.java to javac build list
[DEBUG] adding /Volumes/MacCodes/Code/Mobile/TitaniumProject/GitSource/CBMVC-Framework-with-Titanium/build/android/gen/com/cbmvc/app/CoderblogAppInfo.java to javac build list
[DEBUG] adding /Volumes/MacCodes/Code/Mobile/TitaniumProject/GitSource/CBMVC-Framework-with-Titanium/build/android/gen/com/cbmvc/app/CoderblogApplication.java to javac build list
[DEBUG] adding /Volumes/MacCodes/Code/Mobile/TitaniumProject/GitSource/CBMVC-Framework-with-Titanium/build/android/gen/com/cbmvc/app/R.java to javac build list
[DEBUG] Building Java Sources: "/Volumes/MacCodes/Code/Mobile/TitaniumProject/GitSource/CBMVC-Framework-with-Titanium/build/android/gen/com/cbmvc/app/ApplicationStylesheet.java" "/Volumes/MacCodes/Code/Mobile/TitaniumProject/GitSource/CBMVC-Framework-with-Titanium/build/android/gen/com/cbmvc/app/CoderblogActivity.java" "/Volumes/MacCodes/Code/Mobile/TitaniumProject/GitSource/CBMVC-Framework-with-Titanium/build/android/gen/com/cbmvc/app/CoderblogAppInfo.java" "/Volumes/MacCodes/Code/Mobile/TitaniumProject/GitSource/CBMVC-Framework-with-Titanium/build/android/gen/com/cbmvc/app/CoderblogApplication.java" "/Volumes/MacCodes/Code/Mobile/TitaniumProject/GitSource/CBMVC-Framework-with-Titanium/build/android/gen/com/cbmvc/app/R.java"
[INFO] Waiting for SDCard to become available..
[ERROR] Exception occured while building Android project:
[ERROR] Traceback (most recent call last):
[ERROR]   File "/Users/winsonet/Library/Application Support/Titanium/mobilesdk/osx/2.1.1.GA/android/builder.py", line 2236, in <module>
[ERROR]     s.build_and_run(False, avd_id, debugger_host=debugger_host)
[ERROR]   File "/Users/winsonet/Library/Application Support/Titanium/mobilesdk/osx/2.1.1.GA/android/builder.py", line 2021, in build_and_run
[ERROR]     self.push_deploy_json()
[ERROR]   File "/Users/winsonet/Library/Application Support/Titanium/mobilesdk/osx/2.1.1.GA/android/builder.py", line 1708, in push_deploy_json
[ERROR]     os.unlink(deploy_json)
[ERROR] OSError: [Errno 2] No such file or directory: '/Volumes/MacCodes/Code/Mobile/TitaniumProject/GitSource/CBMVC-Framework-with-Titanium/build/android/bin/deploy.json'
